20/03/2025 01:22:14 p. m.	Este registro contiene información acerca de la operación de importación de esquema en el proyecto 'SIA_Database' del equipo 'RAFAKITL' por el usuario 'choyt'.
20/03/2025 01:22:14 p. m.	Se inició la importación del esquema de la base de datos.
20/03/2025 01:22:19 p. m.	Recopilando credenciales de la base de datos
20/03/2025 01:22:19 p. m.	Recopilando opciones de base de datos
20/03/2025 01:22:19 p. m.	Recopilando la opción de configuración de ámbito de la base de datos genérica
20/03/2025 01:22:19 p. m.	Recopilando usuarios
20/03/2025 01:22:19 p. m.	Recopilando roles
20/03/2025 01:22:19 p. m.	Recopilando roles de aplicación
20/03/2025 01:22:19 p. m.	Recopilando pertenencias a roles
20/03/2025 01:22:19 p. m.	Recopilando grupos de archivos
20/03/2025 01:22:19 p. m.	Recopilando catálogos de texto completo
20/03/2025 01:22:19 p. m.	Recopilando ensamblados
20/03/2025 01:22:19 p. m.	Recopilando certificados
20/03/2025 01:22:19 p. m.	Recopilando claves asimétricas
20/03/2025 01:22:19 p. m.	Recopilando claves simétricas
20/03/2025 01:22:19 p. m.	Recopilando claves simétricas cifradas
20/03/2025 01:22:19 p. m.	Recopilando esquemas
20/03/2025 01:22:19 p. m.	Recopilando colecciones de esquemas XML
20/03/2025 01:22:19 p. m.	Recopilando tipos de datos definidos por el usuario
20/03/2025 01:22:19 p. m.	Recopilando tipos definidos por el usuario
20/03/2025 01:22:19 p. m.	Recopilando tipos de tabla
20/03/2025 01:22:19 p. m.	Recopilando claves únicas para tipos de tabla
20/03/2025 01:22:19 p. m.	Recopilando claves principales para tipos de tabla
20/03/2025 01:22:19 p. m.	Recopilando índices para tipos de tablas
20/03/2025 01:22:19 p. m.	Recopilando restricciones CHECK para tipos de tabla
20/03/2025 01:22:19 p. m.	Recopilando restricciones DEFAULT para tipos de tabla
20/03/2025 01:22:19 p. m.	Recopilando funciones de partición
20/03/2025 01:22:19 p. m.	Recopilando esquemas de partición
20/03/2025 01:22:19 p. m.	Recopilando funciones
20/03/2025 01:22:19 p. m.	Recopilando funciones cifradas
20/03/2025 01:22:19 p. m.	Recopilando agregados
20/03/2025 01:22:19 p. m.	Recopilando procedimientos
20/03/2025 01:22:19 p. m.	Recopilando procedimientos cifrados
20/03/2025 01:22:19 p. m.	Recopilando tablas
20/03/2025 01:22:19 p. m.	Recopilando claves principales
20/03/2025 01:22:19 p. m.	Recopilando restricciones UNIQUE
20/03/2025 01:22:19 p. m.	Recopilando claves externas
20/03/2025 01:22:19 p. m.	Recopilando restricciones DEFAULT
20/03/2025 01:22:19 p. m.	Recopilando restricciones CHECK
20/03/2025 01:22:19 p. m.	Recopilando vistas
20/03/2025 01:22:19 p. m.	Recopilando vistas cifradas
20/03/2025 01:22:19 p. m.	Recopilando índices
20/03/2025 01:22:19 p. m.	Recopilando estadísticas
20/03/2025 01:22:19 p. m.	Recopilando listas de palabras irrelevantes de índices de texto completo
20/03/2025 01:22:19 p. m.	Recopilando listas de propiedades de búsqueda
20/03/2025 01:22:19 p. m.	Recopilando propiedades de búsqueda
20/03/2025 01:22:19 p. m.	Recopilando índices de texto completo
20/03/2025 01:22:19 p. m.	Recopilando índices de almacenamiento de columnas
20/03/2025 01:22:19 p. m.	Recopilando índices espaciales
20/03/2025 01:22:19 p. m.	Recopilando índices XML
20/03/2025 01:22:19 p. m.	Recopilando índices XML selectivos
20/03/2025 01:22:19 p. m.	Recopilando desencadenadores cifrados
20/03/2025 01:22:19 p. m.	Recopilando desencadenadores
20/03/2025 01:22:19 p. m.	Recopilando DDL triggers cifrados y de CLR
20/03/2025 01:22:19 p. m.	Recopilando DDL triggers
20/03/2025 01:22:19 p. m.	Creación de la restricción perimetral en curso
20/03/2025 01:22:19 p. m.	Recopilando sinónimos
20/03/2025 01:22:19 p. m.	Recopilando valores predeterminados
20/03/2025 01:22:19 p. m.	Recopilando enlaces UDDT de restricción de datos
20/03/2025 01:22:19 p. m.	Recopilando reglas
20/03/2025 01:22:20 p. m.	Recopilando enlaces UDDT de restricción de datos
20/03/2025 01:22:20 p. m.	Recopilando tipos de mensaje
20/03/2025 01:22:20 p. m.	Recopilando colas
20/03/2025 01:22:20 p. m.	Recopilando contratos
20/03/2025 01:22:20 p. m.	Recopilando servicios
20/03/2025 01:22:20 p. m.	Recopilando notificaciones de eventos
20/03/2025 01:22:20 p. m.	Recopilando enlaces de servicio remoto
20/03/2025 01:22:20 p. m.	Recopilando prioridades de Broker
20/03/2025 01:22:20 p. m.	Recopilando firmas
20/03/2025 01:22:20 p. m.	Recopilando opciones de compresión
20/03/2025 01:22:20 p. m.	Recopilando tipos de secuencia
20/03/2025 01:22:20 p. m.	Recopilando directivas de seguridad
20/03/2025 01:22:20 p. m.	Recopilar claves de cifrado de columna
20/03/2025 01:22:20 p. m.	Recopilando claves maestras de columna
20/03/2025 01:22:20 p. m.	Recopilando orígenes de datos externos
20/03/2025 01:22:20 p. m.	Recopilando formatos de archivo externos
20/03/2025 01:22:20 p. m.	Recopilando tablas externas
20/03/2025 01:22:20 p. m.	Recopilando permisos de base de datos
20/03/2025 01:22:20 p. m.	Recopilando propiedades extendidas
20/03/2025 01:22:20 p. m.	Recopilando ensamblados
20/03/2025 01:22:20 p. m.	Recopilando credenciales
20/03/2025 01:22:20 p. m.	Recopilando inicios de sesión
20/03/2025 01:22:20 p. m.	Recopilando auditorías de servidor
20/03/2025 01:22:21 p. m.	Buscando elementos duplicados en el proyecto
20/03/2025 01:22:22 p. m.	Ha finalizado el procesamiento de los elementos duplicados
20/03/2025 01:22:22 p. m.	Finalizó la importación de la base de datos.
20/03/2025 01:22:22 p. m.	Se guardó un resumen de la importación en la siguiente ubicación: D:\choyt\Documents\InnovacionTecnologicaPolitecnica\Registro_Versiones\SIA\SIA_Database\Registros de importación de esquemas\SIA_Database_20250320072214.log
20/03/2025 01:22:22 p. m.	Haga clic en Finalizar para continuar...
